<?xml version="1.0" encoding="UTF-8" ?>
<testsuite failures="1" time="4.352" errors="0" skipped="0" tests="1" name="org.samuel.carehomemanagementsystem.domainModel.AddressTest">
  <properties>
[...]
</properties>
  <testcase time="4.349" classname="org.samuel.carehomemanagementsystem.domainModel.AddressTest" name="testAddress">
    <failure type="java.lang.AssertionError">java.lang.AssertionError
	at org.junit.Assert.fail(Assert.java:86)
	at org.junit.Assert.assertTrue(Assert.java:41)
	at org.junit.Assert.assertTrue(Assert.java:52)
	at org.samuel.carehomemanagementsystem.domainModel.AddressTest.testAddress(AddressTest.java:33)
	at sun.reflect.NativeMethodAccessorImpl.invoke0(Native Method)
	at sun.reflect.NativeMethodAccessorImpl.invoke(NativeMethodAccessorImpl.java:57)
	at sun.reflect.DelegatingMethodAccessorImpl.invoke(DelegatingMethodAccessorImpl.java:43)
	at java.lang.reflect.Method.invoke(Method.java:601)
	at org.junit.runners.model.FrameworkMethod$1.runReflectiveCall(FrameworkMethod.java:47)
	at org.junit.internal.runners.model.ReflectiveCallable.run(ReflectiveCallable.java:12)
	at org.junit.runners.model.FrameworkMethod.invokeExplosively(FrameworkMethod.java:44)
	at org.junit.internal.runners.statements.InvokeMethod.evaluate(InvokeMethod.java:17)
	at org.junit.internal.runners.statements.RunBefores.evaluate(RunBefores.java:26)
	at org.junit.internal.runners.statements.RunAfters.evaluate(RunAfters.java:27)
	at org.junit.runners.ParentRunner.runLeaf(ParentRunner.java:271)
	at org.junit.runners.BlockJUnit4ClassRunner.runChild(BlockJUnit4ClassRunner.java:70)
	at org.junit.runners.BlockJUnit4ClassRunner.runChild(BlockJUnit4ClassRunner.java:50)
	at org.junit.runners.ParentRunner$3.run(ParentRunner.java:238)
	at org.junit.runners.ParentRunner$1.schedule(ParentRunner.java:63)
	at org.junit.runners.ParentRunner.runChildren(ParentRunner.java:236)
	at org.junit.runners.ParentRunner.access$000(ParentRunner.java:53)
	at org.junit.runners.ParentRunner$2.evaluate(ParentRunner.java:229)
	at org.junit.runners.ParentRunner.run(ParentRunner.java:309)
	at org.apache.maven.surefire.junit4.JUnit4TestSet.execute(JUnit4TestSet.java:53)
	at org.apache.maven.surefire.junit4.JUnit4Provider.executeTestSet(JUnit4Provider.java:123)
	at org.apache.maven.surefire.junit4.JUnit4Provider.invoke(JUnit4Provider.java:104)
	at sun.reflect.NativeMethodAccessorImpl.invoke0(Native Method)
	at sun.reflect.NativeMethodAccessorImpl.invoke(NativeMethodAccessorImpl.java:57)
	at sun.reflect.DelegatingMethodAccessorImpl.invoke(DelegatingMethodAccessorImpl.java:43)
	at java.lang.reflect.Method.invoke(Method.java:601)
	at org.apache.maven.surefire.util.ReflectionUtils.invokeMethodWithArray(ReflectionUtils.java:164)
	at org.apache.maven.surefire.booter.ProviderFactory$ProviderProxy.invoke(ProviderFactory.java:110)
	at org.apache.maven.surefire.booter.SurefireStarter.invokeProvider(SurefireStarter.java:175)
	at org.apache.maven.surefire.booter.SurefireStarter.runSuitesInProcessWhenForked(SurefireStarter.java:107)
	at org.apache.maven.surefire.booter.ForkedBooter.main(ForkedBooter.java:68)
</failure>
    <system-out>[EL Info]: transaction: 2013-06-12 02:44:12.689--ServerSession(624964727)--property eclipselink.jdbc.user is deprecated, property javax.persistence.jdbc.user should be used instead.
[EL Info]: transaction: 2013-06-12 02:44:12.71--ServerSession(624964727)--property eclipselink.jdbc.password is deprecated, property javax.persistence.jdbc.password should be used instead.
[EL Info]: transaction: 2013-06-12 02:44:13.301--ServerSession(624964727)--property eclipselink.jdbc.user is deprecated, property javax.persistence.jdbc.user should be used instead.
[EL Info]: transaction: 2013-06-12 02:44:13.302--ServerSession(624964727)--property eclipselink.jdbc.password is deprecated, property javax.persistence.jdbc.password should be used instead.
[EL Info]: 2013-06-12 02:44:14.197--ServerSession(624964727)--EclipseLink, version: Eclipse Persistence Services - 2.5.0.v20130507-3faac2b
[EL Warning]: metadata: 2013-06-12 02:44:14.526--ServerSession(624964727)--Reverting the lazy setting on the OneToOne or ManyToOne attribute [currentAddress] for the entity class [class org.samuel.carehomemanagementsystem.domainModel.ServiceUser] since weaving was not enabled or did not occur.
[EL Info]: connection: 2013-06-12 02:44:14.611--ServerSession(624964727)--file:/home/samuel/workspace/CareHomeManagementApplication/target/classes/_care_homemanagement_system_app login successful
</system-out>
  </testcase>
</testsuite>